<?xml version="1.0" encoding="UTF-8"?>
<testsuite errors="0" failures="0" name="Term Search" skipped="0" tests="1" time="10.535000">
<testcase classname="Term Search.Term Search from list view" name="Term Search from list view" time="10.535000">
</testcase>
</testsuite>
